\BOOKMARK [1][-]{section.1}{Research Projects}{}% 1
\BOOKMARK [2][-]{subsection.1.1}{Graduate Thesis: Starburst Migration and Technology Diffusion}{section.1}% 2
\BOOKMARK [2][-]{subsection.1.2}{Database: Leadership}{section.1}% 3
\BOOKMARK [3][-]{subsubsection.1.2.1}{TV}{subsection.1.2}% 4
\BOOKMARK [3][-]{subsubsection.1.2.2}{Bond}{subsection.1.2}% 5
\BOOKMARK [2][-]{subsection.1.3}{Update of Visa Policy Project\(Writing Sample Submitted Last Year\)}{section.1}% 6
\BOOKMARK [2][-]{subsection.1.4}{Replication of Acemoglu 2014}{section.1}% 7
\BOOKMARK [1][-]{section.2}{Professional Projects}{}% 8
\BOOKMARK [2][-]{subsection.2.1}{Report and DataFlash}{section.2}% 9
\BOOKMARK [2][-]{subsection.2.2}{Advertising in Online Video}{section.2}% 10
\BOOKMARK [1][-]{section.3}{Coding and Data-oriented Work}{}% 11
\BOOKMARK [2][-]{subsection.3.1}{Stata Syntax Highlighting in LaTeX}{section.3}% 12
\BOOKMARK [2][-]{subsection.3.2}{SogouIndex}{section.3}% 13
\BOOKMARK [2][-]{subsection.3.3}{PM2.5 in Beijing}{section.3}% 14
\BOOKMARK [1][-]{section.4}{Other Information}{}% 15
\BOOKMARK [2][-]{subsection.4.1}{Coursework and Affiliation}{section.4}% 16
\BOOKMARK [3][-]{subsubsection.4.1.1}{Guanghua School of Management\(GSM\), Peking University}{subsection.4.1}% 17
\BOOKMARK [3][-]{subsubsection.4.1.2}{HEC Paris}{subsection.4.1}% 18
\BOOKMARK [2][-]{subsection.4.2}{Language}{section.4}% 19
\BOOKMARK [3][-]{subsubsection.4.2.1}{French}{subsection.4.2}% 20
\BOOKMARK [2][-]{subsection.4.3}{Recent Standard Tests}{section.4}% 21
